  [1m[36m (1.2ms)[0m  [1mCREATE TABLE "schema_migrations" ("version" varchar NOT NULL) [0m
  [1m[35m (0.0ms)[0m  select sqlite_version(*)
  [1m[36m (1.0ms)[0m  [1mCREATE UNIQUE INDEX "unique_schema_migrations" ON "schema_migrations" ("version")[0m
  [1m[35mActiveRecord::SchemaMigration Load (0.1ms)[0m  SELECT "schema_migrations".* FROM "schema_migrations"
  [1m[36mActiveRecord::SchemaMigration Load (0.1ms)[0m  [1mSELECT "schema_migrations".* FROM "schema_migrations"[0m
Migrating to CreatePosts (20151230232412)
  [1m[35m (0.1ms)[0m  begin transaction
  [1m[36m (0.4ms)[0m  [1mCREATE TABLE "posts" ("id" INTEGER PRIMARY KEY AUTOINCREMENT NOT NULL, "title" varchar, "description" text, "created_at" datetime NOT NULL, "updated_at" datetime NOT NULL) [0m
  [1m[35mSQL (0.2ms)[0m  INSERT INTO "schema_migrations" ("version") VALUES (?)  [["version", "20151230232412"]]
  [1m[36m (1.3ms)[0m  [1mcommit transaction[0m
  [1m[35mActiveRecord::SchemaMigration Load (0.1ms)[0m  SELECT "schema_migrations".* FROM "schema_migrations"


Started GET "/posts/new" for ::1 at 2015-12-31 13:44:56 -0600
  [1m[36mActiveRecord::SchemaMigration Load (0.1ms)[0m  [1mSELECT "schema_migrations".* FROM "schema_migrations"[0m
Processing by PostsController#new as HTML
  Rendered posts/new.html.erb within layouts/application (2.1ms)
Completed 200 OK in 347ms (Views: 326.8ms | ActiveRecord: 0.2ms)


Started GET "/assets/application.self-e80e8f2318043e8af94dddc2adad5a4f09739a8ebb323b3ab31cd71d45fd9113.css?body=1" for ::1 at 2015-12-31 13:44:57 -0600


Started GET "/assets/application.self-3b8dabdc891efe46b9a144b400ad69e37d7e5876bdc39dee783419a69d7ca819.js?body=1" for ::1 at 2015-12-31 13:44:57 -0600


Started POST "/posts" for ::1 at 2015-12-31 13:45:03 -0600
Processing by PostsController#create as HTML
  Parameters: {"utf8"=>"✓", "authenticity_token"=>"mFCuNJP5reOW19phdr4zXRLzOMo4NZQ3wneiVR+RO/+owIoDiOxh24iHKkZ7DGazxbSIoRmvIOmJgA4gog1sGg==", "title"=>"Rails Introduction Quiz", "description"=>"asdfasdf", "commit"=>"Submit Post"}
  [1m[35m (0.1ms)[0m  begin transaction
  [1m[36mSQL (0.4ms)[0m  [1mINSERT INTO "posts" ("title", "description", "created_at", "updated_at") VALUES (?, ?, ?, ?)[0m  [["title", "Rails Introduction Quiz"], ["description", "asdfasdf"], ["created_at", "2015-12-31 19:45:03.614973"], ["updated_at", "2015-12-31 19:45:03.614973"]]
  [1m[35m (1.2ms)[0m  commit transaction
Redirected to http://localhost:3000/posts/1
Completed 302 Found in 22ms (ActiveRecord: 1.7ms)


Started GET "/posts/1" for ::1 at 2015-12-31 13:45:03 -0600
Processing by PostsController#show as HTML
  Parameters: {"id"=>"1"}
  [1m[36mPost Load (0.2ms)[0m  [1mSELECT  "posts".* FROM "posts" WHERE "posts"."id" = ? LIMIT 1[0m  [["id", 1]]
  Rendered posts/show.html.erb within layouts/application (0.4ms)
Completed 200 OK in 27ms (Views: 10.4ms | ActiveRecord: 0.2ms)
  [1m[36mPost Load (1.6ms)[0m  [1m[34mSELECT "posts".* FROM "posts"[0m
  [1m[35m (0.1ms)[0m  [1m[36mbegin transaction[0m
  [1m[35mSQL (0.5ms)[0m  [1m[32mINSERT INTO "posts" ("title", "description", "created_at", "updated_at") VALUES (?, ?, ?, ?)[0m  [["title", "Title Goes Here"], ["description", "Desc goes here..."], ["created_at", "2020-09-15 22:24:34.675262"], ["updated_at", "2020-09-15 22:24:34.675262"]]
  [1m[35m (5.7ms)[0m  [1m[36mcommit transaction[0m
  [1m[36mPost Load (0.1ms)[0m  [1m[34mSELECT "posts".* FROM "posts"[0m
Started GET "/" for ::1 at 2020-09-15 18:26:02 -0400
  [1m[36mActiveRecord::SchemaMigration Load (0.2ms)[0m  [1m[34mSELECT "schema_migrations".* FROM "schema_migrations"[0m
Processing by Rails::WelcomeController#index as HTML
  Parameters: {"internal"=>true}
  Rendering /Users/jay/.rvm/gems/ruby-2.6.1/gems/railties-5.0.7.2/lib/rails/templates/rails/welcome/index.html.erb
  Rendered /Users/jay/.rvm/gems/ruby-2.6.1/gems/railties-5.0.7.2/lib/rails/templates/rails/welcome/index.html.erb (3.1ms)
Completed 200 OK in 17ms (Views: 10.0ms | ActiveRecord: 0.0ms)


Started GET "/posts" for ::1 at 2020-09-15 18:26:07 -0400
Processing by PostsController#index as HTML
  Rendering posts/index.html.erb within layouts/application
  [1m[36mPost Load (0.1ms)[0m  [1m[34mSELECT "posts".* FROM "posts"[0m
  Rendered posts/index.html.erb within layouts/application (4.1ms)
Completed 200 OK in 325ms (Views: 321.4ms | ActiveRecord: 0.6ms)


Started GET "/posts/new" for ::1 at 2020-09-15 18:26:42 -0400
Processing by PostsController#new as HTML
  Rendering posts/new.html.erb within layouts/application
  Rendered posts/new.html.erb within layouts/application (0.9ms)
Completed 200 OK in 14ms (Views: 12.9ms | ActiveRecord: 0.0ms)


Started POST "/posts" for ::1 at 2020-09-15 18:26:51 -0400
Processing by PostsController#create as HTML
  Parameters: {"utf8"=>"✓", "authenticity_token"=>"wMVNW0LB8Boq6u4VrOegbJIwANoEC+/gI0m1bciNp2YHuU7L6GLpuSXRoTkrQABFSHK9jaU0gmB9h1ic34GKAQ==", "title"=>"hey", "description"=>"hyehy", "commit"=>"Submit Post"}
  [1m[35m (0.1ms)[0m  [1m[36mbegin transaction[0m
  [1m[35mSQL (0.5ms)[0m  [1m[32mINSERT INTO "posts" ("title", "description", "created_at", "updated_at") VALUES (?, ?, ?, ?)[0m  [["title", "hey"], ["description", "hyehy"], ["created_at", "2020-09-15 22:26:51.440889"], ["updated_at", "2020-09-15 22:26:51.440889"]]
  [1m[35m (0.7ms)[0m  [1m[36mcommit transaction[0m
No template found for PostsController#create, rendering head :no_content
Completed 204 No Content in 24ms (ActiveRecord: 1.2ms)


Started GET "/posts" for ::1 at 2020-09-15 18:26:56 -0400
Processing by PostsController#index as HTML
  Rendering posts/index.html.erb within layouts/application
  [1m[36mPost Load (0.1ms)[0m  [1m[34mSELECT "posts".* FROM "posts"[0m
  Rendered posts/index.html.erb within layouts/application (0.8ms)
Completed 200 OK in 12ms (Views: 10.8ms | ActiveRecord: 0.1ms)


Started GET "/post" for ::1 at 2020-09-15 18:26:56 -0400
  
ActionController::RoutingError (No route matches [GET] "/post"):
  
actionpack (5.0.7.2) lib/action_dispatch/middleware/debug_exceptions.rb:53:in `call'
actionpack (5.0.7.2) lib/action_dispatch/middleware/show_exceptions.rb:31:in `call'
railties (5.0.7.2) lib/rails/rack/logger.rb:36:in `call_app'
railties (5.0.7.2) lib/rails/rack/logger.rb:24:in `block in call'
activesupport (5.0.7.2) lib/active_support/tagged_logging.rb:69:in `block in tagged'
activesupport (5.0.7.2) lib/active_support/tagged_logging.rb:26:in `tagged'
activesupport (5.0.7.2) lib/active_support/tagged_logging.rb:69:in `tagged'
railties (5.0.7.2) lib/rails/rack/logger.rb:24:in `call'
sprockets-rails (3.2.2) lib/sprockets/rails/quiet_assets.rb:13:in `call'
actionpack (5.0.7.2) lib/action_dispatch/middleware/request_id.rb:24:in `call'
rack (2.2.3) lib/rack/method_override.rb:24:in `call'
rack (2.2.3) lib/rack/runtime.rb:22:in `call'
activesupport (5.0.7.2) lib/active_support/cache/strategy/local_cache_middleware.rb:28:in `call'
actionpack (5.0.7.2) lib/action_dispatch/middleware/executor.rb:12:in `call'
actionpack (5.0.7.2) lib/action_dispatch/middleware/static.rb:136:in `call'
rack (2.2.3) lib/rack/sendfile.rb:110:in `call'
railties (5.0.7.2) lib/rails/engine.rb:522:in `call'
rack (2.2.3) lib/rack/handler/webrick.rb:95:in `service'
/Users/jay/.rvm/rubies/ruby-2.6.1/lib/ruby/2.6.0/webrick/httpserver.rb:140:in `service'
/Users/jay/.rvm/rubies/ruby-2.6.1/lib/ruby/2.6.0/webrick/httpserver.rb:96:in `run'
/Users/jay/.rvm/rubies/ruby-2.6.1/lib/ruby/2.6.0/webrick/server.rb:307:in `block in start_thread'
  Rendering /Users/jay/.rvm/gems/ruby-2.6.1/gems/actionpack-5.0.7.2/lib/action_dispatch/middleware/templates/rescues/routing_error.html.erb within rescues/layout
  Rendering /Users/jay/.rvm/gems/ruby-2.6.1/gems/actionpack-5.0.7.2/lib/action_dispatch/middleware/templates/rescues/_trace.html.erb
  Rendered /Users/jay/.rvm/gems/ruby-2.6.1/gems/actionpack-5.0.7.2/lib/action_dispatch/middleware/templates/rescues/_trace.html.erb (0.9ms)
  Rendered collection of /Users/jay/.rvm/gems/ruby-2.6.1/gems/actionpack-5.0.7.2/lib/action_dispatch/middleware/templates/routes/_route.html.erb [8 times] (2.5ms)
  Rendered /Users/jay/.rvm/gems/ruby-2.6.1/gems/actionpack-5.0.7.2/lib/action_dispatch/middleware/templates/routes/_table.html.erb (10.1ms)
  Rendering /Users/jay/.rvm/gems/ruby-2.6.1/gems/actionpack-5.0.7.2/lib/action_dispatch/middleware/templates/rescues/_request_and_response.html.erb
  Rendered /Users/jay/.rvm/gems/ruby-2.6.1/gems/actionpack-5.0.7.2/lib/action_dispatch/middleware/templates/rescues/_request_and_response.html.erb (0.9ms)
  Rendered /Users/jay/.rvm/gems/ruby-2.6.1/gems/actionpack-5.0.7.2/lib/action_dispatch/middleware/templates/rescues/routing_error.html.erb within rescues/layout (38.0ms)
Started GET "/posts/new" for ::1 at 2020-09-15 18:27:39 -0400
Processing by PostsController#new as HTML
  Rendering posts/new.html.erb within layouts/application
  Rendered posts/new.html.erb within layouts/application (0.6ms)
Completed 200 OK in 11ms (Views: 10.2ms | ActiveRecord: 0.0ms)


Started POST "/posts" for ::1 at 2020-09-15 18:27:41 -0400
Processing by PostsController#create as HTML
  Parameters: {"utf8"=>"✓", "authenticity_token"=>"CFPs9e43DngEYupwY7sF6qdWnxfIhhuNHbNVAyvfSy/PL+9lRJQX2wtZpVzkHKXDfRQiQGm5dg1DfbjyPNNmSA==", "title"=>"", "description"=>"", "commit"=>"Submit Post"}
  [1m[35m (0.0ms)[0m  [1m[36mbegin transaction[0m
  [1m[35mSQL (0.4ms)[0m  [1m[32mINSERT INTO "posts" ("title", "description", "created_at", "updated_at") VALUES (?, ?, ?, ?)[0m  [["title", ""], ["description", ""], ["created_at", "2020-09-15 22:27:41.225878"], ["updated_at", "2020-09-15 22:27:41.225878"]]
  [1m[35m (5.7ms)[0m  [1m[36mcommit transaction[0m
No template found for PostsController#create, rendering head :no_content
Completed 204 No Content in 27ms (ActiveRecord: 6.1ms)


Started GET "/posts/new" for ::1 at 2020-09-15 18:27:45 -0400
Processing by PostsController#new as HTML
  Rendering posts/new.html.erb within layouts/application
  Rendered posts/new.html.erb within layouts/application (0.7ms)
Completed 200 OK in 11ms (Views: 10.0ms | ActiveRecord: 0.0ms)


Started GET "/posts" for ::1 at 2020-09-15 18:27:46 -0400
Processing by PostsController#index as HTML
  Rendering posts/index.html.erb within layouts/application
  [1m[36mPost Load (0.1ms)[0m  [1m[34mSELECT "posts".* FROM "posts"[0m
  Rendered posts/index.html.erb within layouts/application (1.1ms)
Completed 200 OK in 13ms (Views: 12.1ms | ActiveRecord: 0.1ms)


Started GET "/posts" for ::1 at 2020-09-15 18:27:48 -0400
Processing by PostsController#index as HTML
  Rendering posts/index.html.erb within layouts/application
  [1m[36mPost Load (0.1ms)[0m  [1m[34mSELECT "posts".* FROM "posts"[0m
  Rendered posts/index.html.erb within layouts/application (0.8ms)
Completed 200 OK in 12ms (Views: 10.5ms | ActiveRecord: 0.1ms)


Started POST "/posts" for ::1 at 2020-09-15 18:27:59 -0400
Processing by PostsController#create as HTML
  Parameters: {"utf8"=>"✓", "authenticity_token"=>"iP0X+ruFRieLZZa0czhHeBcMYqoKUu7fw4mFYvysZ4RPgRRqESZfhIRe2Zj0n+dRzU7f/attg1+dR2iT66BK4w==", "title"=>"wqd", "description"=>"qwfq", "commit"=>"Submit Post"}
  [1m[35m (0.0ms)[0m  [1m[36mbegin transaction[0m
  [1m[35mSQL (0.6ms)[0m  [1m[32mINSERT INTO "posts" ("title", "description", "created_at", "updated_at") VALUES (?, ?, ?, ?)[0m  [["title", "wqd"], ["description", "qwfq"], ["created_at", "2020-09-15 22:27:59.892632"], ["updated_at", "2020-09-15 22:27:59.892632"]]
  [1m[35m (0.8ms)[0m  [1m[36mcommit transaction[0m
No template found for PostsController#create, rendering head :no_content
Completed 204 No Content in 21ms (ActiveRecord: 1.4ms)


Started GET "/posts" for ::1 at 2020-09-15 18:28:04 -0400
Processing by PostsController#index as HTML
  Rendering posts/index.html.erb within layouts/application
  [1m[36mPost Load (0.1ms)[0m  [1m[34mSELECT "posts".* FROM "posts"[0m
  Rendered posts/index.html.erb within layouts/application (1.6ms)
Completed 200 OK in 14ms (Views: 11.8ms | ActiveRecord: 0.1ms)


Started GET "/posts/new" for ::1 at 2020-09-15 18:28:50 -0400
Processing by PostsController#new as HTML
  Rendering posts/new.html.erb within layouts/application
  Rendered posts/new.html.erb within layouts/application (0.9ms)
Completed 200 OK in 17ms (Views: 10.6ms | ActiveRecord: 0.9ms)


Started POST "/posts" for ::1 at 2020-09-15 18:28:55 -0400
Processing by PostsController#create as HTML
  Parameters: {"utf8"=>"✓", "authenticity_token"=>"4NT3COdODCz/rkbjDOEFcd/lNWQNaB4h+1EYEFU42kYnqPSYTe0Vj/CVCc+LRqVYBaeIM6xXc6Gln/XhQjT3IQ==", "title"=>"asf", "description"=>"saf", "commit"=>"Submit Post"}
  [1m[35m (0.0ms)[0m  [1m[36mbegin transaction[0m
  [1m[35mSQL (0.5ms)[0m  [1m[32mINSERT INTO "posts" ("title", "description", "created_at", "updated_at") VALUES (?, ?, ?, ?)[0m  [["title", "asf"], ["description", "saf"], ["created_at", "2020-09-15 22:28:55.347719"], ["updated_at", "2020-09-15 22:28:55.347719"]]
  [1m[35m (0.9ms)[0m  [1m[36mcommit transaction[0m
Redirected to http://localhost:3000/posts/6
Completed 302 Found in 9ms (ActiveRecord: 2.0ms)


Started GET "/posts/6" for ::1 at 2020-09-15 18:28:55 -0400
Processing by PostsController#show as HTML
  Parameters: {"id"=>"6"}
  [1m[36mPost Load (0.2ms)[0m  [1m[34mSELECT  "posts".* FROM "posts" WHERE "posts"."id" = ? LIMIT ?[0m  [["id", 6], ["LIMIT", 1]]
  Rendering posts/show.html.erb within layouts/application
  Rendered posts/show.html.erb within layouts/application (0.4ms)
Completed 200 OK in 14ms (Views: 9.7ms | ActiveRecord: 0.2ms)


Started GET "/posts" for ::1 at 2020-09-15 18:28:57 -0400
Processing by PostsController#index as HTML
  Rendering posts/index.html.erb within layouts/application
  [1m[36mPost Load (0.2ms)[0m  [1m[34mSELECT "posts".* FROM "posts"[0m
  Rendered posts/index.html.erb within layouts/application (1.0ms)
Completed 200 OK in 12ms (Views: 10.7ms | ActiveRecord: 0.2ms)


